2018-12-28 10:45:07.791 [info] <0.43.0> Application lager started on node nonode@nohost
2018-12-28 10:45:07.794 [info] <0.43.0> Application xmerl started on node nonode@nohost
2018-12-28 10:45:07.795 [info] <0.43.0> Application jsx started on node nonode@nohost
2018-12-28 10:45:07.798 [info] <0.43.0> Application ranch started on node nonode@nohost
2018-12-28 10:45:07.799 [info] <0.43.0> Application ranch_proxy_protocol started on node nonode@nohost
2018-12-28 10:45:07.800 [info] <0.43.0> Application recon started on node nonode@nohost
2018-12-28 10:45:07.801 [info] <0.43.0> Application rabbit_common started on node nonode@nohost
2018-12-28 10:45:07.806 [info] <0.43.0> Application amqp_client started on node nonode@nohost
2018-12-28 10:45:07.806 [info] <0.43.0> Application amqp started on node nonode@nohost
2018-12-28 10:45:07.807 [info] <0.43.0> Application jason started on node nonode@nohost
2018-12-28 10:45:07.809 [info] <0.43.0> Application decimal started on node nonode@nohost
2018-12-28 10:45:07.810 [info] <0.43.0> Application connection started on node nonode@nohost
2018-12-28 10:45:07.816 [info] <0.43.0> Application db_connection started on node nonode@nohost
2018-12-28 10:45:07.816 [info] <0.43.0> Application mariaex started on node nonode@nohost
2018-12-28 10:45:07.819 [info] <0.43.0> Application telemetry started on node nonode@nohost
2018-12-28 10:45:07.821 [info] <0.43.0> Application ecto started on node nonode@nohost
2018-12-28 10:45:07.823 [info] <0.43.0> Application ecto_sql started on node nonode@nohost
2018-12-28 10:45:07.824 [info] <0.43.0> Application cowlib started on node nonode@nohost
2018-12-28 10:45:07.826 [info] <0.43.0> Application cowboy started on node nonode@nohost
2018-12-28 10:45:07.827 [info] <0.43.0> Application plug_cowboy started on node nonode@nohost
2018-12-28 10:45:07.828 [info] <0.43.0> Application phoenix_ecto started on node nonode@nohost
2018-12-28 10:45:08.000 [warning] <0.257.0> lager_error_logger_h dropped 30 messages in the last second that exceeded the limit of 50 messages/sec
